<?xml version="1.0" encoding="UTF-8"?>
<!-- Generated by org.testng.reporters.JUnitReportReporter -->
<testsuite hostname="sk" failures="0" tests="1" name="test1.NewTest4" time="16.714" errors="0" timestamp="2022-09-27T10:48:28 IST" skipped="0">
  <testcase classname="test1.NewTest4" name="f" time="16.714"/>
</testsuite> <!-- test1.NewTest4 -->
