<?xml version="1.0" encoding="UTF-8"?>
<!-- Generated by org.testng.reporters.JUnitReportReporter -->
<testsuite hostname="sk" failures="0" tests="1" name="test1.NewTest" time="0.011" errors="0" timestamp="2022-09-26T11:00:28 IST" skipped="0">
  <testcase classname="test1.NewTest" name="f" time="0.011"/>
</testsuite> <!-- test1.NewTest -->
