<?xml version="1.0" encoding="UTF-8"?>
<!-- Generated by org.testng.reporters.JUnitReportReporter -->
<testsuite hostname="sk" failures="0" tests="1" name="test1.NewTest2" time="2.208" errors="0" timestamp="2022-09-26T12:47:41 IST" skipped="0">
  <testcase classname="test1.NewTest2" name="f" time="2.208"/>
</testsuite> <!-- test1.NewTest2 -->
