<?xml version="1.0" encoding="UTF-8"?>
<!-- Generated by org.testng.reporters.JUnitReportReporter -->
<testsuite hostname="sk" failures="0" tests="1" name="test1.NewTest1" time="2.178" errors="0" timestamp="2022-09-26T12:10:00 IST" skipped="0">
  <testcase classname="test1.NewTest1" name="f" time="2.178"/>
</testsuite> <!-- test1.NewTest1 -->
